(THU.CST) os is loading ...

Special kernel symbols:
  entry  0xc010002c (phys)
  etext  0xc01180af (phys)
  edata  0xc02a1c5f (phys)
  end    0xc02a90d0 (phys)
Kernel executable memory footprint: 1701KB
memory management: buddy_pmm_manager
e820map:
  memory: 0009f400, [00000000, 0009f3ff], type = 1.
  memory: 00000c00, [0009f400, 0009ffff], type = 2.
  memory: 00010000, [000f0000, 000fffff], type = 2.
  memory: 17efd000, [00100000, 17ffcfff], type = 1.
  memory: 00003000, [17ffd000, 17ffffff], type = 2.
  memory: 00040000, [fffc0000, ffffffff], type = 2.
check_alloc_page() succeeded!
check_pgdir() succeeded!
check_boot_pgdir() succeeded!
-------------------- BEGIN --------------------
PDE(0e0) c0000000-f8000000 38000000 urw
  |-- PTE(38000) c0000000-f8000000 38000000 -rw
PDE(001) fac00000-fb000000 00400000 -rw
  |-- PTE(000e0) faf00000-fafe0000 000e0000 urw
  |-- PTE(00001) fafeb000-fafec000 00001000 -rw
--------------------- END ---------------------
check_slab() succeeded!
check_vma_struct() succeeded!
check_pgfault() succeeded!
check_vmm() succeeded.
sched class: MY_scheduler
ide 0:      10000(sectors), 'QEMU HARDDISK'.
ide 1:     262144(sectors), 'QEMU HARDDISK'.
check_swap() succeeded.
check_mm_swap: step1, mm_map ok.
check_mm_swap: step2, mm_unmap ok.
check_mm_swap: step3, exit_mmap ok.
check_mm_swap: step4, dup_mmap ok.
check_mm_swap() succeeded.
check_mm_shm_swap: step1, share memory ok.
check_mm_shm_swap: step2, dup_mmap ok.
check_mm_shm_swap() succeeded.
++ setup timer interrupts
kernel_execve: pid = 3, name = "jenny".
exiting pid 3
exiting pid 7
exiting pid 6
exiting pid 8
exiting pid 5
exiting pid 17
exiting pid 14
exiting pid 11
exiting pid 18
eexiting pid 24
exiting pid 21
exiting pid 26
exiting pid 25
exiexiting pid 30
exiting pid 28exiting pid 29
exiting pid 27
exiting pid 34
exiting pid 33
eexiting pid 37
exiting pid 39
exiting pid 41
exiting pid 40
exiting pid 47
exiting pid 45
exiting pid 49
exiting pid 48
exiting pid 51
exiting pid 53
exiting pid 54
exiting pid 55
exiting pid 59
exiting pid 58
exiting pid 65
exiting pid 64
exiting pid 63
exiting pid 62
exiting pid 66
exiting pid 69
exiting pid 71
exiting pid 72
exiting pid 70
exiting pid 75
exiting pid 78
exiting pid 76
exiting pid 82
exiting pid 81
exiting pid 80
exiting pid 84
exiting pid 85
exiting pid 87
exiting pid 89
exiting pid 91
exiting pid 90
exiting pid 93
exiting pid 98
exiting pid 95
exiting pid 94
exiting pid 99
exiting pid 100
exiting pid 105
exiting pid 102
exiting pid 101
exiting pid 103
exiting pid 107
exiting pid 108
exiting pid 110
eexiting pid 113
exiting pid 112
exiting pid 114
exiting pid 116
exiting pid 118
exiting pid 117
exiting pid 120
exiting pid 121
exiting pid 122
eexiting pid 125
exiting pid 126
exiting pid 127
exiting pid 10
exiting pid 4
exiting pid 9
exiting pid 12
exiting pid 15
exiting pid 16
exiting pid 19
exiting pid 129
exiting pid 22
xiting pid 23
ting pid 31

exiting pid 32
exiting pid 130
exiting pid 38
xiting pid 36
exiting pid 42
exiting pid 46
exiting pid 44
exiting pid 50
exiting pid 52
exiting pid 57
exiting pid 61
exiting pid 60
exiting pid 67
exiting pid 68
eexiting pid 73
exiting pid 77
exiting pid 83
exiting pid 79
exiting pid 88
exiting pid exiting pid 92
exiting pid 96
exiting pid 97
exiting pid 104
xiting pid 109
exiting pid 111
exiting pid 115
exiting pid 119
exiting pid 123
xiting pid 124
exiting pid 13
exiting pid 20
exiting pid 35
exiting pid 43
exiting pid 56
xiting pid 74
86
eexiting pid 128
xiting pid 106
all user-mode processes have quit.
init check memory pass.
kernel panic at kern/process/proc.c:539:
    initproc exit.

Welcome to the kernel debug monitor!!
Type 'help' for a list of commands.
K> 