start 3.
start 4.
start 6.
start 7.
start 8.
exit 8
start 9.
start 10.
start 11.
exit 11
start 12.
exit 12
sstart 14.
start 15.
start 16.
start 17.
start 18.
exit 18
start 19.
start 20.
start 21.
start 22.
start 23.
start 24.
exit 24
start 25.
start 26.
start 27.
start 28.
exit 28
start 29.
start 30.
start 31.
start 32.
start 33.
start 34.
exit 3
exit 4
start 5.
exit 5
exit 6
exit 7
exit 9
exit 10
tart 13.
exit 13
exit 14
exit 15
exit 16
exit 17
exit 19
exit 20
exit 21
exit 22
exit 23
exit 25
exit 26
exit 27
exit 29
exit 30
exit 31
exit 32
exit 33
exit 34
