start 4.
start 5.
start 7.
exit 7
start 8.
exit 8
tart 3.
exit 3
start 9.
start 10.
start 11.
exit 11
start 12.
exit 12
exit 4
start 13.
start 14.
exit 14
start 15.
exit 15
exit 5
start 16.
exit 16
start 6.
exit 6
start 17.
exit 17
start 18.
start 19.
exit 19
start 20.
exit 20
exit 9
start 21.
exit 21
start 22.
exit 22
exit 10
start 23.
exit 23
start 24.
exit 24
start 25.
exit 25
exit 13
start 26.
exit 26
start 27.
start 28.
exit 28
start 29.
exit 29
start 30.
exit 30
exit 18
start 31.
start 32.
exit 32
start 33.
exit 33
exit 27
start 34.
exit 34
exit 31
